DBG:get_move_count_b:5
min_mv=a(<0 | 0>) min_mv=b(<0 | 0>)
DBG:get_move_count_b:4
min_mv=a(<1 | 0>) min_mv=b(<0 | 0>)
DBG:get_move_count_b:3
min_mv=a(<2 | 0>) min_mv=b(<0 | 0>)
DBG:get_move_count_b:2
min_mv=a(<0 | 2>) min_mv=b(<0 | 0>)
DBG:get_move_count_b:1
min_mv=a(<0 | 1>) min_mv=b(<0 | 0>)
---
cmd_mv=a(<0 | 0>) cmd_mv=b(<0 | 0>)
---
pb
DBG:get_move_count_b:4
min_mv=a(<0 | 0>) min_mv=b(<0 | 0>)
DBG:get_move_count_b:3
min_mv=a(<1 | 0>) min_mv=b(<0 | 0>)
DBG:get_move_count_b:2
min_mv=a(<2 | 0>) min_mv=b(<0 | 0>)
DBG:get_move_count_b:1
min_mv=a(<0 | 1>) min_mv=b(<0 | 0>)
---
cmd_mv=a(<0 | 0>) cmd_mv=b(<0 | 0>)
---
pb
DBG:get_move_count_b:3
	mv(<1,1>)
min_mv=a(<0 | 0>) min_mv=b(<1 | 0>)
DBG:get_move_count_b:2
	mv(<1,1>)
min_mv=a(<1 | 0>) min_mv=b(<1 | 0>)
DBG:get_move_count_b:1
	mv(<1,1>)
min_mv=a(<0 | 1>) min_mv=b(<1 | 0>)
---
cmd_mv=a(<0 | 0>) cmd_mv=b(<1 | 0>)
---
rrb
pb
DBG:get_move_count_b:2
	mv(<1,2>)
min_mv=a(<0 | 0>) min_mv=b(<1 | 0>)
DBG:get_move_count_b:1
	mv(<1,2>)
min_mv=a(<1 | 0>) min_mv=b(<1 | 0>)
---
cmd_mv=a(<0 | 0>) cmd_mv=b(<1 | 0>)
---
rrb
pb
DBG:get_move_count_b:1
	mv(<1,3>)
min_mv=a(<0 | 0>) min_mv=b(<1 | 0>)
---
cmd_mv=a(<0 | 0>) cmd_mv=b(<1 | 0>)
---
rrb
pb
pa
pa
pa
pa
pa
3,4,2,5,1,
